<?xml version="1.0" encoding="UTF-8"?>
<testsuites>
  <testsuite name="Admin Test Suite" tests="63" assertions="173" failures="0" errors="0" time="60.055740">
    <testsuite name="AuthControllerTest" file="/home/cezar/workspace/php/Blog/module/Admin/tests/src/Admin/Controller/AuthControllerTest.php" tests="5" assertions="15" failures="0" errors="0" time="4.861932">
      <testcase name="test404" class="AuthControllerTest" file="/home/cezar/workspace/php/Blog/module/Admin/tests/src/Admin/Controller/AuthControllerTest.php" line="23" assertions="1" time="0.899204"/>
      <testcase name="testIndexActionLoginForm" class="AuthControllerTest" file="/home/cezar/workspace/php/Blog/module/Admin/tests/src/Admin/Controller/AuthControllerTest.php" line="30" assertions="8" time="0.979867"/>
      <testcase name="testLoginInvalidMethod" class="AuthControllerTest" file="/home/cezar/workspace/php/Blog/module/Admin/tests/src/Admin/Controller/AuthControllerTest.php" line="52" assertions="2" time="1.000328"/>
      <testcase name="testLogin" class="AuthControllerTest" file="/home/cezar/workspace/php/Blog/module/Admin/tests/src/Admin/Controller/AuthControllerTest.php" line="58" assertions="2" time="1.031664"/>
      <testcase name="testLogout" class="AuthControllerTest" file="/home/cezar/workspace/php/Blog/module/Admin/tests/src/Admin/Controller/AuthControllerTest.php" line="71" assertions="2" time="0.950869"/>
    </testsuite>
    <testsuite name="Admin\Controller\CategoriesControllerTest" file="/home/cezar/workspace/php/Blog/module/Admin/tests/src/Admin/Controller/CategoriesControllerTest.php" tests="8" assertions="24" failures="0" errors="0" time="7.500506">
      <testcase name="test404" class="Admin\Controller\CategoriesControllerTest" file="/home/cezar/workspace/php/Blog/module/Admin/tests/src/Admin/Controller/CategoriesControllerTest.php" line="29" assertions="1" time="0.857534"/>
      <testcase name="testIndexAction" class="Admin\Controller\CategoriesControllerTest" file="/home/cezar/workspace/php/Blog/module/Admin/tests/src/Admin/Controller/CategoriesControllerTest.php" line="36" assertions="4" time="0.965391"/>
      <testcase name="testSaveActionNewRequest" class="Admin\Controller\CategoriesControllerTest" file="/home/cezar/workspace/php/Blog/module/Admin/tests/src/Admin/Controller/CategoriesControllerTest.php" line="50" assertions="5" time="0.856341"/>
      <testcase name="testSaveActionUpdateFormRequest" class="Admin\Controller\CategoriesControllerTest" file="/home/cezar/workspace/php/Blog/module/Admin/tests/src/Admin/Controller/CategoriesControllerTest.php" line="64" assertions="5" time="1.275133"/>
      <testcase name="testSaveActionPostRequest" class="Admin\Controller\CategoriesControllerTest" file="/home/cezar/workspace/php/Blog/module/Admin/tests/src/Admin/Controller/CategoriesControllerTest.php" line="81" assertions="3" time="0.891452"/>
      <testcase name="testSaveActionInvalidPostRequest" class="Admin\Controller\CategoriesControllerTest" file="/home/cezar/workspace/php/Blog/module/Admin/tests/src/Admin/Controller/CategoriesControllerTest.php" line="93" assertions="2" time="0.825702"/>
      <testcase name="testInvalidDeleteAction" class="Admin\Controller\CategoriesControllerTest" file="/home/cezar/workspace/php/Blog/module/Admin/tests/src/Admin/Controller/CategoriesControllerTest.php" line="112" assertions="2" time="0.879302"/>
      <testcase name="testDeleteAction" class="Admin\Controller\CategoriesControllerTest" file="/home/cezar/workspace/php/Blog/module/Admin/tests/src/Admin/Controller/CategoriesControllerTest.php" line="119" assertions="2" time="0.949652"/>
    </testsuite>
    <testsuite name="Admin\Controller\PostsControllerTest" file="/home/cezar/workspace/php/Blog/module/Admin/tests/src/Admin/Controller/PostsControllerTest.php" tests="8" assertions="32" failures="0" errors="0" time="8.210367">
      <testcase name="test404" class="Admin\Controller\PostsControllerTest" file="/home/cezar/workspace/php/Blog/module/Admin/tests/src/Admin/Controller/PostsControllerTest.php" line="30" assertions="1" time="0.915520"/>
      <testcase name="testIndexAction" class="Admin\Controller\PostsControllerTest" file="/home/cezar/workspace/php/Blog/module/Admin/tests/src/Admin/Controller/PostsControllerTest.php" line="37" assertions="4" time="1.121776"/>
      <testcase name="testSaveActionNewRequest" class="Admin\Controller\PostsControllerTest" file="/home/cezar/workspace/php/Blog/module/Admin/tests/src/Admin/Controller/PostsControllerTest.php" line="50" assertions="5" time="0.870202"/>
      <testcase name="testSaveActionUpdateFormRequest" class="Admin\Controller\PostsControllerTest" file="/home/cezar/workspace/php/Blog/module/Admin/tests/src/Admin/Controller/PostsControllerTest.php" line="64" assertions="8" time="1.073131"/>
      <testcase name="testSaveActionPostRequest" class="Admin\Controller\PostsControllerTest" file="/home/cezar/workspace/php/Blog/module/Admin/tests/src/Admin/Controller/PostsControllerTest.php" line="87" assertions="5" time="1.092346"/>
      <testcase name="testSaveActionInvalidPostRequest" class="Admin\Controller\PostsControllerTest" file="/home/cezar/workspace/php/Blog/module/Admin/tests/src/Admin/Controller/PostsControllerTest.php" line="105" assertions="5" time="0.974541"/>
      <testcase name="testInvalidDeleteAction" class="Admin\Controller\PostsControllerTest" file="/home/cezar/workspace/php/Blog/module/Admin/tests/src/Admin/Controller/PostsControllerTest.php" line="134" assertions="2" time="1.038672"/>
      <testcase name="testDeleteAction" class="Admin\Controller\PostsControllerTest" file="/home/cezar/workspace/php/Blog/module/Admin/tests/src/Admin/Controller/PostsControllerTest.php" line="141" assertions="2" time="1.124179"/>
    </testsuite>
    <testsuite name="Admin\Controller\UsersControllerTest" file="/home/cezar/workspace/php/Blog/module/Admin/tests/src/Admin/Controller/UsersControllerTest.php" tests="8" assertions="30" failures="0" errors="0" time="7.721853">
      <testcase name="test404" class="Admin\Controller\UsersControllerTest" file="/home/cezar/workspace/php/Blog/module/Admin/tests/src/Admin/Controller/UsersControllerTest.php" line="29" assertions="1" time="0.910932"/>
      <testcase name="testIndexAction" class="Admin\Controller\UsersControllerTest" file="/home/cezar/workspace/php/Blog/module/Admin/tests/src/Admin/Controller/UsersControllerTest.php" line="36" assertions="4" time="1.160567"/>
      <testcase name="testSaveActionNewRequest" class="Admin\Controller\UsersControllerTest" file="/home/cezar/workspace/php/Blog/module/Admin/tests/src/Admin/Controller/UsersControllerTest.php" line="50" assertions="5" time="0.986231"/>
      <testcase name="testSaveActionUpdateFormRequest" class="Admin\Controller\UsersControllerTest" file="/home/cezar/workspace/php/Blog/module/Admin/tests/src/Admin/Controller/UsersControllerTest.php" line="64" assertions="7" time="0.999955"/>
      <testcase name="testSaveActionPostRequest" class="Admin\Controller\UsersControllerTest" file="/home/cezar/workspace/php/Blog/module/Admin/tests/src/Admin/Controller/UsersControllerTest.php" line="85" assertions="5" time="1.011775"/>
      <testcase name="testSaveActionInvalidPostRequest" class="Admin\Controller\UsersControllerTest" file="/home/cezar/workspace/php/Blog/module/Admin/tests/src/Admin/Controller/UsersControllerTest.php" line="101" assertions="4" time="0.907026"/>
      <testcase name="testInvalidDeleteAction" class="Admin\Controller\UsersControllerTest" file="/home/cezar/workspace/php/Blog/module/Admin/tests/src/Admin/Controller/UsersControllerTest.php" line="126" assertions="2" time="0.893371"/>
      <testcase name="testDeleteAction" class="Admin\Controller\UsersControllerTest" file="/home/cezar/workspace/php/Blog/module/Admin/tests/src/Admin/Controller/UsersControllerTest.php" line="133" assertions="2" time="0.851996"/>
    </testsuite>
    <testsuite name="Admin\Model\CategorieTest" file="/home/cezar/workspace/php/Blog/module/Admin/tests/src/Admin/Model/CategorieTest.php" tests="7" assertions="14" failures="0" errors="0" time="6.229678">
      <testcase name="testGetInputFilter" class="Admin\Model\CategorieTest" file="/home/cezar/workspace/php/Blog/module/Admin/tests/src/Admin/Model/CategorieTest.php" line="12" assertions="1" time="0.797281"/>
      <testcase name="testInputFilterValid" class="Admin\Model\CategorieTest" file="/home/cezar/workspace/php/Blog/module/Admin/tests/src/Admin/Model/CategorieTest.php" line="22" assertions="3" time="0.874411"/>
      <testcase name="testInputFilterInvalid" class="Admin\Model\CategorieTest" file="/home/cezar/workspace/php/Blog/module/Admin/tests/src/Admin/Model/CategorieTest.php" line="32" assertions="1" time="0.867871"/>
      <testcase name="testInsert" class="Admin\Model\CategorieTest" file="/home/cezar/workspace/php/Blog/module/Admin/tests/src/Admin/Model/CategorieTest.php" line="41" assertions="2" time="0.891141"/>
      <testcase name="testInsertInvalid" class="Admin\Model\CategorieTest" file="/home/cezar/workspace/php/Blog/module/Admin/tests/src/Admin/Model/CategorieTest.php" line="52" assertions="1" time="0.811623"/>
      <testcase name="testUpdate" class="Admin\Model\CategorieTest" file="/home/cezar/workspace/php/Blog/module/Admin/tests/src/Admin/Model/CategorieTest.php" line="58" assertions="3" time="1.158498"/>
      <testcase name="testDelete" class="Admin\Model\CategorieTest" file="/home/cezar/workspace/php/Blog/module/Admin/tests/src/Admin/Model/CategorieTest.php" line="76" assertions="3" time="0.828853"/>
    </testsuite>
    <testsuite name="Admin\Model\PostCategorieTest" file="/home/cezar/workspace/php/Blog/module/Admin/tests/src/Admin/Model/PostCategorieTest.php" tests="7" assertions="11" failures="0" errors="0" time="6.593075">
      <testcase name="testGetInputFilter" class="Admin\Model\PostCategorieTest" file="/home/cezar/workspace/php/Blog/module/Admin/tests/src/Admin/Model/PostCategorieTest.php" line="12" assertions="1" time="0.900819"/>
      <testcase name="testInputFilterValid" class="Admin\Model\PostCategorieTest" file="/home/cezar/workspace/php/Blog/module/Admin/tests/src/Admin/Model/PostCategorieTest.php" line="22" assertions="3" time="0.858815"/>
      <testcase name="testInputFilterInvalid" class="Admin\Model\PostCategorieTest" file="/home/cezar/workspace/php/Blog/module/Admin/tests/src/Admin/Model/PostCategorieTest.php" line="32" assertions="1" time="0.829750"/>
      <testcase name="testInsert" class="Admin\Model\PostCategorieTest" file="/home/cezar/workspace/php/Blog/module/Admin/tests/src/Admin/Model/PostCategorieTest.php" line="37" assertions="2" time="1.059130"/>
      <testcase name="testInsertInvalid" class="Admin\Model\PostCategorieTest" file="/home/cezar/workspace/php/Blog/module/Admin/tests/src/Admin/Model/PostCategorieTest.php" line="49" assertions="1" time="0.824059"/>
      <testcase name="testDuplicateInsertInvalid" class="Admin\Model\PostCategorieTest" file="/home/cezar/workspace/php/Blog/module/Admin/tests/src/Admin/Model/PostCategorieTest.php" line="60" assertions="1" time="1.126427"/>
      <testcase name="testDelete" class="Admin\Model\PostCategorieTest" file="/home/cezar/workspace/php/Blog/module/Admin/tests/src/Admin/Model/PostCategorieTest.php" line="72" assertions="2" time="0.994075"/>
    </testsuite>
    <testsuite name="Admin\Model\PostTest" file="/home/cezar/workspace/php/Blog/module/Admin/tests/src/Admin/Model/PostTest.php" tests="7" assertions="18" failures="0" errors="0" time="7.060579">
      <testcase name="testGetInputFilter" class="Admin\Model\PostTest" file="/home/cezar/workspace/php/Blog/module/Admin/tests/src/Admin/Model/PostTest.php" line="12" assertions="1" time="0.929266"/>
      <testcase name="testInputFilterValid" class="Admin\Model\PostTest" file="/home/cezar/workspace/php/Blog/module/Admin/tests/src/Admin/Model/PostTest.php" line="22" assertions="7" time="1.153441"/>
      <testcase name="testInputFilterInvalid" class="Admin\Model\PostTest" file="/home/cezar/workspace/php/Blog/module/Admin/tests/src/Admin/Model/PostTest.php" line="36" assertions="1" time="0.870330"/>
      <testcase name="testInsert" class="Admin\Model\PostTest" file="/home/cezar/workspace/php/Blog/module/Admin/tests/src/Admin/Model/PostTest.php" line="45" assertions="2" time="0.954257"/>
      <testcase name="testInsertInvalid" class="Admin\Model\PostTest" file="/home/cezar/workspace/php/Blog/module/Admin/tests/src/Admin/Model/PostTest.php" line="56" assertions="1" time="0.806779"/>
      <testcase name="testUpdate" class="Admin\Model\PostTest" file="/home/cezar/workspace/php/Blog/module/Admin/tests/src/Admin/Model/PostTest.php" line="62" assertions="3" time="1.375350"/>
      <testcase name="testDelete" class="Admin\Model\PostTest" file="/home/cezar/workspace/php/Blog/module/Admin/tests/src/Admin/Model/PostTest.php" line="80" assertions="3" time="0.971156"/>
    </testsuite>
    <testsuite name="Admin\Model\UserTest" file="/home/cezar/workspace/php/Blog/module/Admin/tests/src/Admin/Model/UserTest.php" tests="7" assertions="16" failures="0" errors="0" time="6.369689">
      <testcase name="testGetInputFilter" class="Admin\Model\UserTest" file="/home/cezar/workspace/php/Blog/module/Admin/tests/src/Admin/Model/UserTest.php" line="13" assertions="1" time="0.966976"/>
      <testcase name="testInputFilterValid" class="Admin\Model\UserTest" file="/home/cezar/workspace/php/Blog/module/Admin/tests/src/Admin/Model/UserTest.php" line="23" assertions="5" time="0.794082"/>
      <testcase name="testInputFilterInvalid" class="Admin\Model\UserTest" file="/home/cezar/workspace/php/Blog/module/Admin/tests/src/Admin/Model/UserTest.php" line="36" assertions="1" time="0.800737"/>
      <testcase name="testInsert" class="Admin\Model\UserTest" file="/home/cezar/workspace/php/Blog/module/Admin/tests/src/Admin/Model/UserTest.php" line="45" assertions="2" time="0.940174"/>
      <testcase name="testInsertInvalid" class="Admin\Model\UserTest" file="/home/cezar/workspace/php/Blog/module/Admin/tests/src/Admin/Model/UserTest.php" line="56" assertions="1" time="0.916109"/>
      <testcase name="testUpdate" class="Admin\Model\UserTest" file="/home/cezar/workspace/php/Blog/module/Admin/tests/src/Admin/Model/UserTest.php" line="64" assertions="3" time="0.987381"/>
      <testcase name="testDelete" class="Admin\Model\UserTest" file="/home/cezar/workspace/php/Blog/module/Admin/tests/src/Admin/Model/UserTest.php" line="82" assertions="3" time="0.964230"/>
    </testsuite>
    <testsuite name="Admin\Service\AuthTest" file="/home/cezar/workspace/php/Blog/module/Admin/tests/src/Admin/Service/AuthTest.php" tests="6" assertions="13" failures="0" errors="0" time="5.508060">
      <testcase name="testAuthenticateWithoutParams" class="Admin\Service\AuthTest" file="/home/cezar/workspace/php/Blog/module/Admin/tests/src/Admin/Service/AuthTest.php" line="17" assertions="1" time="0.864127"/>
      <testcase name="testAuthenticateEmptyParams" class="Admin\Service\AuthTest" file="/home/cezar/workspace/php/Blog/module/Admin/tests/src/Admin/Service/AuthTest.php" line="26" assertions="1" time="0.844936"/>
      <testcase name="testAuthenticateInvalidParameters" class="Admin\Service\AuthTest" file="/home/cezar/workspace/php/Blog/module/Admin/tests/src/Admin/Service/AuthTest.php" line="35" assertions="2" time="0.959215"/>
      <testcase name="testAuthenticateInvalidPassword" class="Admin\Service\AuthTest" file="/home/cezar/workspace/php/Blog/module/Admin/tests/src/Admin/Service/AuthTest.php" line="47" assertions="2" time="0.954737"/>
      <testcase name="testAuthenticateValidParams" class="Admin\Service\AuthTest" file="/home/cezar/workspace/php/Blog/module/Admin/tests/src/Admin/Service/AuthTest.php" line="55" assertions="3" time="0.941006"/>
      <testcase name="testLogout" class="Admin\Service\AuthTest" file="/home/cezar/workspace/php/Blog/module/Admin/tests/src/Admin/Service/AuthTest.php" line="75" assertions="4" time="0.944039"/>
    </testsuite>
  </testsuite>
</testsuites>
