<?xml version="1.0" encoding="UTF-8"?>
<testsuites>
  <testsuite name="Admin Test Suite" tests="63" assertions="173" failures="0" errors="0" time="48.342285">
    <testsuite name="AuthControllerTest" file="/home/cezar/workspace/php/Blog/module/Admin/tests/src/Admin/Controller/AuthControllerTest.php" tests="5" assertions="15" failures="0" errors="0" time="4.909066">
      <testcase name="test404" class="AuthControllerTest" file="/home/cezar/workspace/php/Blog/module/Admin/tests/src/Admin/Controller/AuthControllerTest.php" line="23" assertions="1" time="1.712793"/>
      <testcase name="testIndexActionLoginForm" class="AuthControllerTest" file="/home/cezar/workspace/php/Blog/module/Admin/tests/src/Admin/Controller/AuthControllerTest.php" line="30" assertions="8" time="0.666763"/>
      <testcase name="testLoginInvalidMethod" class="AuthControllerTest" file="/home/cezar/workspace/php/Blog/module/Admin/tests/src/Admin/Controller/AuthControllerTest.php" line="52" assertions="2" time="0.924075"/>
      <testcase name="testLogin" class="AuthControllerTest" file="/home/cezar/workspace/php/Blog/module/Admin/tests/src/Admin/Controller/AuthControllerTest.php" line="58" assertions="2" time="0.894807"/>
      <testcase name="testLogout" class="AuthControllerTest" file="/home/cezar/workspace/php/Blog/module/Admin/tests/src/Admin/Controller/AuthControllerTest.php" line="71" assertions="2" time="0.710628"/>
    </testsuite>
    <testsuite name="Admin\Controller\CategoriesControllerTest" file="/home/cezar/workspace/php/Blog/module/Admin/tests/src/Admin/Controller/CategoriesControllerTest.php" tests="8" assertions="24" failures="0" errors="0" time="6.057532">
      <testcase name="test404" class="Admin\Controller\CategoriesControllerTest" file="/home/cezar/workspace/php/Blog/module/Admin/tests/src/Admin/Controller/CategoriesControllerTest.php" line="29" assertions="1" time="0.677523"/>
      <testcase name="testIndexAction" class="Admin\Controller\CategoriesControllerTest" file="/home/cezar/workspace/php/Blog/module/Admin/tests/src/Admin/Controller/CategoriesControllerTest.php" line="36" assertions="4" time="0.733217"/>
      <testcase name="testSaveActionNewRequest" class="Admin\Controller\CategoriesControllerTest" file="/home/cezar/workspace/php/Blog/module/Admin/tests/src/Admin/Controller/CategoriesControllerTest.php" line="50" assertions="5" time="0.988924"/>
      <testcase name="testSaveActionUpdateFormRequest" class="Admin\Controller\CategoriesControllerTest" file="/home/cezar/workspace/php/Blog/module/Admin/tests/src/Admin/Controller/CategoriesControllerTest.php" line="64" assertions="5" time="0.777665"/>
      <testcase name="testSaveActionPostRequest" class="Admin\Controller\CategoriesControllerTest" file="/home/cezar/workspace/php/Blog/module/Admin/tests/src/Admin/Controller/CategoriesControllerTest.php" line="81" assertions="3" time="0.744792"/>
      <testcase name="testSaveActionInvalidPostRequest" class="Admin\Controller\CategoriesControllerTest" file="/home/cezar/workspace/php/Blog/module/Admin/tests/src/Admin/Controller/CategoriesControllerTest.php" line="93" assertions="2" time="0.679986"/>
      <testcase name="testInvalidDeleteAction" class="Admin\Controller\CategoriesControllerTest" file="/home/cezar/workspace/php/Blog/module/Admin/tests/src/Admin/Controller/CategoriesControllerTest.php" line="112" assertions="2" time="0.699655"/>
      <testcase name="testDeleteAction" class="Admin\Controller\CategoriesControllerTest" file="/home/cezar/workspace/php/Blog/module/Admin/tests/src/Admin/Controller/CategoriesControllerTest.php" line="119" assertions="2" time="0.755770"/>
    </testsuite>
    <testsuite name="Admin\Controller\PostsControllerTest" file="/home/cezar/workspace/php/Blog/module/Admin/tests/src/Admin/Controller/PostsControllerTest.php" tests="8" assertions="32" failures="0" errors="0" time="6.055415">
      <testcase name="test404" class="Admin\Controller\PostsControllerTest" file="/home/cezar/workspace/php/Blog/module/Admin/tests/src/Admin/Controller/PostsControllerTest.php" line="30" assertions="1" time="0.743554"/>
      <testcase name="testIndexAction" class="Admin\Controller\PostsControllerTest" file="/home/cezar/workspace/php/Blog/module/Admin/tests/src/Admin/Controller/PostsControllerTest.php" line="37" assertions="4" time="0.778465"/>
      <testcase name="testSaveActionNewRequest" class="Admin\Controller\PostsControllerTest" file="/home/cezar/workspace/php/Blog/module/Admin/tests/src/Admin/Controller/PostsControllerTest.php" line="50" assertions="5" time="0.712068"/>
      <testcase name="testSaveActionUpdateFormRequest" class="Admin\Controller\PostsControllerTest" file="/home/cezar/workspace/php/Blog/module/Admin/tests/src/Admin/Controller/PostsControllerTest.php" line="64" assertions="8" time="0.806489"/>
      <testcase name="testSaveActionPostRequest" class="Admin\Controller\PostsControllerTest" file="/home/cezar/workspace/php/Blog/module/Admin/tests/src/Admin/Controller/PostsControllerTest.php" line="87" assertions="5" time="0.824039"/>
      <testcase name="testSaveActionInvalidPostRequest" class="Admin\Controller\PostsControllerTest" file="/home/cezar/workspace/php/Blog/module/Admin/tests/src/Admin/Controller/PostsControllerTest.php" line="105" assertions="5" time="0.711377"/>
      <testcase name="testInvalidDeleteAction" class="Admin\Controller\PostsControllerTest" file="/home/cezar/workspace/php/Blog/module/Admin/tests/src/Admin/Controller/PostsControllerTest.php" line="134" assertions="2" time="0.744440"/>
      <testcase name="testDeleteAction" class="Admin\Controller\PostsControllerTest" file="/home/cezar/workspace/php/Blog/module/Admin/tests/src/Admin/Controller/PostsControllerTest.php" line="141" assertions="2" time="0.734984"/>
    </testsuite>
    <testsuite name="Admin\Controller\UsersControllerTest" file="/home/cezar/workspace/php/Blog/module/Admin/tests/src/Admin/Controller/UsersControllerTest.php" tests="8" assertions="30" failures="0" errors="0" time="5.988361">
      <testcase name="test404" class="Admin\Controller\UsersControllerTest" file="/home/cezar/workspace/php/Blog/module/Admin/tests/src/Admin/Controller/UsersControllerTest.php" line="29" assertions="1" time="0.752721"/>
      <testcase name="testIndexAction" class="Admin\Controller\UsersControllerTest" file="/home/cezar/workspace/php/Blog/module/Admin/tests/src/Admin/Controller/UsersControllerTest.php" line="36" assertions="4" time="0.810998"/>
      <testcase name="testSaveActionNewRequest" class="Admin\Controller\UsersControllerTest" file="/home/cezar/workspace/php/Blog/module/Admin/tests/src/Admin/Controller/UsersControllerTest.php" line="50" assertions="5" time="0.744379"/>
      <testcase name="testSaveActionUpdateFormRequest" class="Admin\Controller\UsersControllerTest" file="/home/cezar/workspace/php/Blog/module/Admin/tests/src/Admin/Controller/UsersControllerTest.php" line="64" assertions="7" time="0.767141"/>
      <testcase name="testSaveActionPostRequest" class="Admin\Controller\UsersControllerTest" file="/home/cezar/workspace/php/Blog/module/Admin/tests/src/Admin/Controller/UsersControllerTest.php" line="85" assertions="5" time="0.746181"/>
      <testcase name="testSaveActionInvalidPostRequest" class="Admin\Controller\UsersControllerTest" file="/home/cezar/workspace/php/Blog/module/Admin/tests/src/Admin/Controller/UsersControllerTest.php" line="101" assertions="4" time="0.678028"/>
      <testcase name="testInvalidDeleteAction" class="Admin\Controller\UsersControllerTest" file="/home/cezar/workspace/php/Blog/module/Admin/tests/src/Admin/Controller/UsersControllerTest.php" line="126" assertions="2" time="0.755404"/>
      <testcase name="testDeleteAction" class="Admin\Controller\UsersControllerTest" file="/home/cezar/workspace/php/Blog/module/Admin/tests/src/Admin/Controller/UsersControllerTest.php" line="133" assertions="2" time="0.733509"/>
    </testsuite>
    <testsuite name="Admin\Model\CategorieTest" file="/home/cezar/workspace/php/Blog/module/Admin/tests/src/Admin/Model/CategorieTest.php" tests="7" assertions="14" failures="0" errors="0" time="4.923637">
      <testcase name="testGetInputFilter" class="Admin\Model\CategorieTest" file="/home/cezar/workspace/php/Blog/module/Admin/tests/src/Admin/Model/CategorieTest.php" line="12" assertions="1" time="0.654890"/>
      <testcase name="testInputFilterValid" class="Admin\Model\CategorieTest" file="/home/cezar/workspace/php/Blog/module/Admin/tests/src/Admin/Model/CategorieTest.php" line="22" assertions="3" time="0.688693"/>
      <testcase name="testInputFilterInvalid" class="Admin\Model\CategorieTest" file="/home/cezar/workspace/php/Blog/module/Admin/tests/src/Admin/Model/CategorieTest.php" line="32" assertions="1" time="0.746112"/>
      <testcase name="testInsert" class="Admin\Model\CategorieTest" file="/home/cezar/workspace/php/Blog/module/Admin/tests/src/Admin/Model/CategorieTest.php" line="41" assertions="2" time="0.678478"/>
      <testcase name="testInsertInvalid" class="Admin\Model\CategorieTest" file="/home/cezar/workspace/php/Blog/module/Admin/tests/src/Admin/Model/CategorieTest.php" line="52" assertions="1" time="0.655068"/>
      <testcase name="testUpdate" class="Admin\Model\CategorieTest" file="/home/cezar/workspace/php/Blog/module/Admin/tests/src/Admin/Model/CategorieTest.php" line="58" assertions="3" time="0.778061"/>
      <testcase name="testDelete" class="Admin\Model\CategorieTest" file="/home/cezar/workspace/php/Blog/module/Admin/tests/src/Admin/Model/CategorieTest.php" line="76" assertions="3" time="0.722336"/>
    </testsuite>
    <testsuite name="Admin\Model\PostCategorieTest" file="/home/cezar/workspace/php/Blog/module/Admin/tests/src/Admin/Model/PostCategorieTest.php" tests="7" assertions="11" failures="0" errors="0" time="5.859075">
      <testcase name="testGetInputFilter" class="Admin\Model\PostCategorieTest" file="/home/cezar/workspace/php/Blog/module/Admin/tests/src/Admin/Model/PostCategorieTest.php" line="12" assertions="1" time="0.622011"/>
      <testcase name="testInputFilterValid" class="Admin\Model\PostCategorieTest" file="/home/cezar/workspace/php/Blog/module/Admin/tests/src/Admin/Model/PostCategorieTest.php" line="22" assertions="3" time="0.666289"/>
      <testcase name="testInputFilterInvalid" class="Admin\Model\PostCategorieTest" file="/home/cezar/workspace/php/Blog/module/Admin/tests/src/Admin/Model/PostCategorieTest.php" line="32" assertions="1" time="1.044512"/>
      <testcase name="testInsert" class="Admin\Model\PostCategorieTest" file="/home/cezar/workspace/php/Blog/module/Admin/tests/src/Admin/Model/PostCategorieTest.php" line="37" assertions="2" time="1.380747"/>
      <testcase name="testInsertInvalid" class="Admin\Model\PostCategorieTest" file="/home/cezar/workspace/php/Blog/module/Admin/tests/src/Admin/Model/PostCategorieTest.php" line="49" assertions="1" time="0.655859"/>
      <testcase name="testDuplicateInsertInvalid" class="Admin\Model\PostCategorieTest" file="/home/cezar/workspace/php/Blog/module/Admin/tests/src/Admin/Model/PostCategorieTest.php" line="60" assertions="1" time="0.755398"/>
      <testcase name="testDelete" class="Admin\Model\PostCategorieTest" file="/home/cezar/workspace/php/Blog/module/Admin/tests/src/Admin/Model/PostCategorieTest.php" line="72" assertions="2" time="0.734259"/>
    </testsuite>
    <testsuite name="Admin\Model\PostTest" file="/home/cezar/workspace/php/Blog/module/Admin/tests/src/Admin/Model/PostTest.php" tests="7" assertions="18" failures="0" errors="0" time="5.189921">
      <testcase name="testGetInputFilter" class="Admin\Model\PostTest" file="/home/cezar/workspace/php/Blog/module/Admin/tests/src/Admin/Model/PostTest.php" line="12" assertions="1" time="0.809674"/>
      <testcase name="testInputFilterValid" class="Admin\Model\PostTest" file="/home/cezar/workspace/php/Blog/module/Admin/tests/src/Admin/Model/PostTest.php" line="22" assertions="7" time="0.689167"/>
      <testcase name="testInputFilterInvalid" class="Admin\Model\PostTest" file="/home/cezar/workspace/php/Blog/module/Admin/tests/src/Admin/Model/PostTest.php" line="36" assertions="1" time="0.744459"/>
      <testcase name="testInsert" class="Admin\Model\PostTest" file="/home/cezar/workspace/php/Blog/module/Admin/tests/src/Admin/Model/PostTest.php" line="45" assertions="2" time="0.724480"/>
      <testcase name="testInsertInvalid" class="Admin\Model\PostTest" file="/home/cezar/workspace/php/Blog/module/Admin/tests/src/Admin/Model/PostTest.php" line="56" assertions="1" time="0.688803"/>
      <testcase name="testUpdate" class="Admin\Model\PostTest" file="/home/cezar/workspace/php/Blog/module/Admin/tests/src/Admin/Model/PostTest.php" line="62" assertions="3" time="0.755806"/>
      <testcase name="testDelete" class="Admin\Model\PostTest" file="/home/cezar/workspace/php/Blog/module/Admin/tests/src/Admin/Model/PostTest.php" line="80" assertions="3" time="0.777532"/>
    </testsuite>
    <testsuite name="Admin\Model\UserTest" file="/home/cezar/workspace/php/Blog/module/Admin/tests/src/Admin/Model/UserTest.php" tests="7" assertions="16" failures="0" errors="0" time="5.135565">
      <testcase name="testGetInputFilter" class="Admin\Model\UserTest" file="/home/cezar/workspace/php/Blog/module/Admin/tests/src/Admin/Model/UserTest.php" line="13" assertions="1" time="0.688723"/>
      <testcase name="testInputFilterValid" class="Admin\Model\UserTest" file="/home/cezar/workspace/php/Blog/module/Admin/tests/src/Admin/Model/UserTest.php" line="23" assertions="5" time="0.655032"/>
      <testcase name="testInputFilterInvalid" class="Admin\Model\UserTest" file="/home/cezar/workspace/php/Blog/module/Admin/tests/src/Admin/Model/UserTest.php" line="36" assertions="1" time="0.655800"/>
      <testcase name="testInsert" class="Admin\Model\UserTest" file="/home/cezar/workspace/php/Blog/module/Admin/tests/src/Admin/Model/UserTest.php" line="45" assertions="2" time="0.700566"/>
      <testcase name="testInsertInvalid" class="Admin\Model\UserTest" file="/home/cezar/workspace/php/Blog/module/Admin/tests/src/Admin/Model/UserTest.php" line="56" assertions="1" time="0.879789"/>
      <testcase name="testUpdate" class="Admin\Model\UserTest" file="/home/cezar/workspace/php/Blog/module/Admin/tests/src/Admin/Model/UserTest.php" line="64" assertions="3" time="0.821880"/>
      <testcase name="testDelete" class="Admin\Model\UserTest" file="/home/cezar/workspace/php/Blog/module/Admin/tests/src/Admin/Model/UserTest.php" line="82" assertions="3" time="0.733775"/>
    </testsuite>
    <testsuite name="Admin\Service\AuthTest" file="/home/cezar/workspace/php/Blog/module/Admin/tests/src/Admin/Service/AuthTest.php" tests="6" assertions="13" failures="0" errors="0" time="4.223713">
      <testcase name="testAuthenticateWithoutParams" class="Admin\Service\AuthTest" file="/home/cezar/workspace/php/Blog/module/Admin/tests/src/Admin/Service/AuthTest.php" line="17" assertions="1" time="0.677100"/>
      <testcase name="testAuthenticateEmptyParams" class="Admin\Service\AuthTest" file="/home/cezar/workspace/php/Blog/module/Admin/tests/src/Admin/Service/AuthTest.php" line="26" assertions="1" time="0.644996"/>
      <testcase name="testAuthenticateInvalidParameters" class="Admin\Service\AuthTest" file="/home/cezar/workspace/php/Blog/module/Admin/tests/src/Admin/Service/AuthTest.php" line="35" assertions="2" time="0.688421"/>
      <testcase name="testAuthenticateInvalidPassword" class="Admin\Service\AuthTest" file="/home/cezar/workspace/php/Blog/module/Admin/tests/src/Admin/Service/AuthTest.php" line="47" assertions="2" time="0.844753"/>
      <testcase name="testAuthenticateValidParams" class="Admin\Service\AuthTest" file="/home/cezar/workspace/php/Blog/module/Admin/tests/src/Admin/Service/AuthTest.php" line="55" assertions="3" time="0.713001"/>
      <testcase name="testLogout" class="Admin\Service\AuthTest" file="/home/cezar/workspace/php/Blog/module/Admin/tests/src/Admin/Service/AuthTest.php" line="75" assertions="4" time="0.655442"/>
    </testsuite>
  </testsuite>
</testsuites>
